This is pdfTeX, Version 3.14159265-2.6-1.40.16 (TeX Live 2015) (preloaded format=pdflatex 2015.5.24)  4 APR 2016 00:04
entering extended mode
 restricted \write18 enabled.
 %&-line parsing enabled.
**thesis_template_01.tex
(./thesis_template_01.tex
LaTeX2e <2015/01/01>
Babel <3.9l> and hyphenation patterns for 79 languages loaded.
(/usr/local/texlive/2015/texmf-dist/tex/latex/base/report.cls
Document Class: report 2014/09/29 v1.4h Standard LaTeX document class
(/usr/local/texlive/2015/texmf-dist/tex/latex/base/size12.clo
File: size12.clo 2014/09/29 v1.4h Standard LaTeX file (size option)
)
\c@part=\count79
\c@chapter=\count80
\c@section=\count81
\c@subsection=\count82
\c@subsubsection=\count83
\c@paragraph=\count84
\c@subparagraph=\count85
\c@figure=\count86
\c@table=\count87
\abovecaptionskip=\skip41
\belowcaptionskip=\skip42
\bibindent=\dimen102
)
(./uhthesis3.sty
Document Style Option `uhthesis' <31 Aug 90>.
) (/usr/local/texlive/2015/texmf-dist/tex/latex/graphics/epsfig.sty
Package: epsfig 1999/02/16 v1.7a (e)psfig emulation (SPQR)

(/usr/local/texlive/2015/texmf-dist/tex/latex/graphics/graphicx.sty
Package: graphicx 2014/10/28 v1.0g Enhanced LaTeX Graphics (DPC,SPQR)

(/usr/local/texlive/2015/texmf-dist/tex/latex/graphics/keyval.sty
Package: keyval 2014/10/28 v1.15 key=value parser (DPC)
\KV@toks@=\toks14
)
(/usr/local/texlive/2015/texmf-dist/tex/latex/graphics/graphics.sty
Package: graphics 2014/10/28 v1.0p Standard LaTeX Graphics (DPC,SPQR)

(/usr/local/texlive/2015/texmf-dist/tex/latex/graphics/trig.sty
Package: trig 1999/03/16 v1.09 sin cos tan (DPC)
)
(/usr/local/texlive/2015/texmf-dist/tex/latex/latexconfig/graphics.cfg
File: graphics.cfg 2010/04/23 v1.9 graphics configuration of TeX Live
)
Package graphics Info: Driver file: pdftex.def on input line 94.

(/usr/local/texlive/2015/texmf-dist/tex/latex/pdftex-def/pdftex.def
File: pdftex.def 2011/05/27 v0.06d Graphics/color for pdfTeX

(/usr/local/texlive/2015/texmf-dist/tex/generic/oberdiek/infwarerr.sty
Package: infwarerr 2010/04/08 v1.3 Providing info/warning/error messages (HO)
)
(/usr/local/texlive/2015/texmf-dist/tex/generic/oberdiek/ltxcmds.sty
Package: ltxcmds 2011/11/09 v1.22 LaTeX kernel commands for general use (HO)
)
\Gread@gobject=\count88
))
\Gin@req@height=\dimen103
\Gin@req@width=\dimen104
)
\epsfxsize=\dimen105
\epsfysize=\dimen106
)
(/usr/local/texlive/2015/texmf-dist/tex/generic/epsf/epsf.sty
This is `epsf.tex' v2.7.4 <14 February 2011>
\epsffilein=\read1
\epsfframemargin=\dimen107
\epsfframethickness=\dimen108
\epsfrsize=\dimen109
\epsftmp=\dimen110
\epsftsize=\dimen111
\epsfxsize=\dimen112
\epsfysize=\dimen113
\pspoints=\dimen114
) (/usr/local/texlive/2015/texmf-dist/tex/latex/listings/listings.sty
\lst@mode=\count89
\lst@gtempboxa=\box26
\lst@token=\toks15
\lst@length=\count90
\lst@currlwidth=\dimen115
\lst@column=\count91
\lst@pos=\count92
\lst@lostspace=\dimen116
\lst@width=\dimen117
\lst@newlines=\count93
\lst@lineno=\count94
\lst@maxwidth=\dimen118

(/usr/local/texlive/2015/texmf-dist/tex/latex/listings/lstmisc.sty
File: lstmisc.sty 2014/09/06 1.5e (Carsten Heinz)
\c@lstnumber=\count95
\lst@skipnumbers=\count96
\lst@framebox=\box27
)
(/usr/local/texlive/2015/texmf-dist/tex/latex/listings/listings.cfg
File: listings.cfg 2014/09/06 1.5e listings configuration
))
Package: listings 2014/09/06 1.5e (Carsten Heinz)

(/usr/local/texlive/2015/texmf-dist/tex/latex/tools/array.sty
Package: array 2014/10/28 v2.4c Tabular extension package (FMi)
\col@sep=\dimen119
\extrarowheight=\dimen120
\NC@list=\toks16
\extratabsurround=\skip43
\backup@length=\skip44
)
(/usr/local/texlive/2015/texmf-dist/tex/latex/caption/subcaption.sty
Package: subcaption 2013/02/03 v1.1-62 Sub-captions (AR)

(/usr/local/texlive/2015/texmf-dist/tex/latex/caption/caption.sty
Package: caption 2013/05/02 v3.3-89 Customizing captions (AR)

(/usr/local/texlive/2015/texmf-dist/tex/latex/caption/caption3.sty
Package: caption3 2013/05/02 v1.6-88 caption3 kernel (AR)
Package caption3 Info: TeX engine: e-TeX on input line 57.
\captionmargin=\dimen121
\captionmargin@=\dimen122
\captionwidth=\dimen123
\caption@tempdima=\dimen124
\caption@indent=\dimen125
\caption@parindent=\dimen126
\caption@hangindent=\dimen127
)
\c@ContinuedFloat=\count97
Package caption Info: listings package is loaded.
)
\c@subfigure=\count98
\c@subtable=\count99
)
(/usr/local/texlive/2015/texmf-dist/tex/latex/subfig/subfig.sty
Package: subfig 2005/06/28 ver: 1.3 subfig package
\c@KVtest=\count100
\sf@farskip=\skip45
\sf@captopadj=\dimen128
\sf@capskip=\skip46
\sf@nearskip=\skip47
\sf@top=\skip48
\sf@bottom=\skip49
)
(/usr/local/texlive/2015/texmf-dist/tex/latex/float/float.sty
Package: float 2001/11/08 v1.3d Float enhancements (AL)
\c@float@type=\count101
\float@exts=\toks17
\float@box=\box28
\@float@everytoks=\toks18
\@floatcapt=\box29
)
(/usr/local/texlive/2015/texmf-dist/tex/latex/draftwatermark/draftwatermark.sty
Package: draftwatermark 2015/02/19 1.2 Put a gray textual watermark on document
 pages
(/usr/local/texlive/2015/texmf-dist/tex/latex/everypage/everypage.sty
Package: everypage 2007/06/20 1.1 Hooks to run on every page
)
(/usr/local/texlive/2015/texmf-dist/tex/latex/graphics/color.sty
Package: color 2014/10/28 v1.1a Standard LaTeX Color (DPC)

(/usr/local/texlive/2015/texmf-dist/tex/latex/latexconfig/color.cfg
File: color.cfg 2007/01/18 v1.5 color configuration of teTeX/TeXLive
)
Package color Info: Driver file: pdftex.def on input line 142.
)
\sc@wm@hcenter=\skip50
\sc@wm@vcenter=\skip51
\sc@wm@fontsize=\skip52
)
(/usr/local/texlive/2015/texmf-dist/tex/latex/lm/lmodern.sty
Package: lmodern 2009/10/30 v1.6 Latin Modern Fonts
LaTeX Font Info:    Overwriting symbol font `operators' in version `normal'
(Font)                  OT1/cmr/m/n --> OT1/lmr/m/n on input line 22.
LaTeX Font Info:    Overwriting symbol font `letters' in version `normal'
(Font)                  OML/cmm/m/it --> OML/lmm/m/it on input line 23.
LaTeX Font Info:    Overwriting symbol font `symbols' in version `normal'
(Font)                  OMS/cmsy/m/n --> OMS/lmsy/m/n on input line 24.
LaTeX Font Info:    Overwriting symbol font `largesymbols' in version `normal'
(Font)                  OMX/cmex/m/n --> OMX/lmex/m/n on input line 25.
LaTeX Font Info:    Overwriting symbol font `operators' in version `bold'
(Font)                  OT1/cmr/bx/n --> OT1/lmr/bx/n on input line 26.
LaTeX Font Info:    Overwriting symbol font `letters' in version `bold'
(Font)                  OML/cmm/b/it --> OML/lmm/b/it on input line 27.
LaTeX Font Info:    Overwriting symbol font `symbols' in version `bold'
(Font)                  OMS/cmsy/b/n --> OMS/lmsy/b/n on input line 28.
LaTeX Font Info:    Overwriting symbol font `largesymbols' in version `bold'
(Font)                  OMX/cmex/m/n --> OMX/lmex/m/n on input line 29.
LaTeX Font Info:    Overwriting math alphabet `\mathbf' in version `normal'
(Font)                  OT1/cmr/bx/n --> OT1/lmr/bx/n on input line 31.
LaTeX Font Info:    Overwriting math alphabet `\mathsf' in version `normal'
(Font)                  OT1/cmss/m/n --> OT1/lmss/m/n on input line 32.
LaTeX Font Info:    Overwriting math alphabet `\mathit' in version `normal'
(Font)                  OT1/cmr/m/it --> OT1/lmr/m/it on input line 33.
LaTeX Font Info:    Overwriting math alphabet `\mathtt' in version `normal'
(Font)                  OT1/cmtt/m/n --> OT1/lmtt/m/n on input line 34.
LaTeX Font Info:    Overwriting math alphabet `\mathbf' in version `bold'
(Font)                  OT1/cmr/bx/n --> OT1/lmr/bx/n on input line 35.
LaTeX Font Info:    Overwriting math alphabet `\mathsf' in version `bold'
(Font)                  OT1/cmss/bx/n --> OT1/lmss/bx/n on input line 36.
LaTeX Font Info:    Overwriting math alphabet `\mathit' in version `bold'
(Font)                  OT1/cmr/bx/it --> OT1/lmr/bx/it on input line 37.
LaTeX Font Info:    Overwriting math alphabet `\mathtt' in version `bold'
(Font)                  OT1/cmtt/m/n --> OT1/lmtt/m/n on input line 38.
)
(./definitions.tex
\c@lfigcounter=\count102
) (./thesis_template_01.aux)
\openout1 = `thesis_template_01.aux'.

LaTeX Font Info:    Checking defaults for OML/cmm/m/it on input line 42.
LaTeX Font Info:    ... okay on input line 42.
LaTeX Font Info:    Checking defaults for T1/cmr/m/n on input line 42.
LaTeX Font Info:    ... okay on input line 42.
LaTeX Font Info:    Checking defaults for OT1/cmr/m/n on input line 42.
LaTeX Font Info:    ... okay on input line 42.
LaTeX Font Info:    Checking defaults for OMS/cmsy/m/n on input line 42.
LaTeX Font Info:    ... okay on input line 42.
LaTeX Font Info:    Checking defaults for OMX/cmex/m/n on input line 42.
LaTeX Font Info:    ... okay on input line 42.
LaTeX Font Info:    Checking defaults for U/cmr/m/n on input line 42.
LaTeX Font Info:    ... okay on input line 42.
LaTeX Font Info:    Try loading font information for OT1+lmr on input line 42.

(/usr/local/texlive/2015/texmf-dist/tex/latex/lm/ot1lmr.fd
File: ot1lmr.fd 2009/10/30 v1.6 Font defs for Latin Modern
)
(/usr/local/texlive/2015/texmf-dist/tex/context/base/supp-pdf.mkii
[Loading MPS to PDF converter (version 2006.09.02).]
\scratchcounter=\count103
\scratchdimen=\dimen129
\scratchbox=\box30
\nofMPsegments=\count104
\nofMParguments=\count105
\everyMPshowfont=\toks19
\MPscratchCnt=\count106
\MPscratchDim=\dimen130
\MPnumerator=\count107
\makeMPintoPDFobject=\count108
\everyMPtoPDFconversion=\toks20
) (/usr/local/texlive/2015/texmf-dist/tex/generic/oberdiek/pdftexcmds.sty
Package: pdftexcmds 2011/11/29 v0.20 Utility functions of pdfTeX for LuaTeX (HO
)

(/usr/local/texlive/2015/texmf-dist/tex/generic/oberdiek/ifluatex.sty
Package: ifluatex 2010/03/01 v1.3 Provides the ifluatex switch (HO)
Package ifluatex Info: LuaTeX not detected.
)
(/usr/local/texlive/2015/texmf-dist/tex/generic/oberdiek/ifpdf.sty
Package: ifpdf 2011/01/30 v2.3 Provides the ifpdf switch (HO)
Package ifpdf Info: pdfTeX in PDF mode is detected.
)
Package pdftexcmds Info: LuaTeX not detected.
Package pdftexcmds Info: \pdf@primitive is available.
Package pdftexcmds Info: \pdf@ifprimitive is available.
Package pdftexcmds Info: \pdfdraftmode found.
)
(/usr/local/texlive/2015/texmf-dist/tex/latex/oberdiek/epstopdf-base.sty
Package: epstopdf-base 2010/02/09 v2.5 Base part for package epstopdf

(/usr/local/texlive/2015/texmf-dist/tex/latex/oberdiek/grfext.sty
Package: grfext 2010/08/19 v1.1 Manage graphics extensions (HO)

(/usr/local/texlive/2015/texmf-dist/tex/generic/oberdiek/kvdefinekeys.sty
Package: kvdefinekeys 2011/04/07 v1.3 Define keys (HO)
))
(/usr/local/texlive/2015/texmf-dist/tex/latex/oberdiek/kvoptions.sty
Package: kvoptions 2011/06/30 v3.11 Key value format for package options (HO)

(/usr/local/texlive/2015/texmf-dist/tex/generic/oberdiek/kvsetkeys.sty
Package: kvsetkeys 2012/04/25 v1.16 Key value parser (HO)

(/usr/local/texlive/2015/texmf-dist/tex/generic/oberdiek/etexcmds.sty
Package: etexcmds 2011/02/16 v1.5 Avoid name clashes with e-TeX commands (HO)
Package etexcmds Info: Could not find \expanded.
(etexcmds)             That can mean that you are not using pdfTeX 1.50 or
(etexcmds)             that some package has redefined \expanded.
(etexcmds)             In the latter case, load this package earlier.
)))
Package grfext Info: Graphics extension search list:
(grfext)             [.png,.pdf,.jpg,.mps,.jpeg,.jbig2,.jb2,.PNG,.PDF,.JPG,.JPE
G,.JBIG2,.JB2,.eps]
(grfext)             \AppendGraphicsExtensions on input line 452.

(/usr/local/texlive/2015/texmf-dist/tex/latex/latexconfig/epstopdf-sys.cfg
File: epstopdf-sys.cfg 2010/07/13 v1.3 Configuration of (r)epstopdf for TeX Liv
e
))
\c@lstlisting=\count109
Package caption Info: Begin \AtBeginDocument code.
Package caption Info: subfig package v1.3 is loaded.
Package caption Info: float package is loaded.
Package caption Info: End \AtBeginDocument code.

[1{/usr/local/texlive/2015/texmf-var/fonts/map/pdftex/updmap/pdftex.map}

]
[2] [3] [4] (./abstract.tex) [5] (./thesis_template_01.toc
LaTeX Font Info:    Try loading font information for OML+lmm on input line 2.

(/usr/local/texlive/2015/texmf-dist/tex/latex/lm/omllmm.fd
File: omllmm.fd 2009/10/30 v1.6 Font defs for Latin Modern
)
LaTeX Font Info:    Try loading font information for OMS+lmsy on input line 2.

(/usr/local/texlive/2015/texmf-dist/tex/latex/lm/omslmsy.fd
File: omslmsy.fd 2009/10/30 v1.6 Font defs for Latin Modern
)
LaTeX Font Info:    Try loading font information for OMX+lmex on input line 2.

(/usr/local/texlive/2015/texmf-dist/tex/latex/lm/omxlmex.fd
File: omxlmex.fd 2009/10/30 v1.6 Font defs for Latin Modern
)
LaTeX Font Info:    External font `lmex10' loaded for size
(Font)              <12> on input line 2.
LaTeX Font Info:    External font `lmex10' loaded for size
(Font)              <8> on input line 2.
LaTeX Font Info:    External font `lmex10' loaded for size
(Font)              <6> on input line 2.
 [6

])
\tf@toc=\write3
\openout3 = `thesis_template_01.toc'.

 [7]
(./thesis_template_01.lof)
\tf@lof=\write4
\openout4 = `thesis_template_01.lof'.

 [8

] (./thesis_template_01.lot)
\tf@lot=\write5
\openout5 = `thesis_template_01.lot'.

 [9

]
(./chap1_Introduction.tex
Chapter 1.

LaTeX Warning: Citation `chapman2010introducing' on page 1 undefined on input l
ine 4.


LaTeX Warning: Citation `nieplocha1994global' on page 1 undefined on input line
 4.


LaTeX Warning: Citation `carlson1999introduction' on page 1 undefined on input 
line 4.


LaTeX Warning: Citation `hilfinger2005titanium' on page 1 undefined on input li
ne 4.


LaTeX Warning: Citation `charles2005x10' on page 1 undefined on input line 4.


LaTeX Warning: Citation `chamberlain2007parallel' on page 1 undefined on input 
line 4.


LaTeX Warning: Citation `numrich1998co' on page 1 undefined on input line 4.


Overfull \hbox (26.86723pt too wide) in paragraph at lines 4--5
[]\OT1/lmr/m/n/12 Several lan-guages and li-braries fol-low the PGAS pro-gram-m
ing model. OpenSHMEM[[]]
 []


Overfull \hbox (22.68958pt too wide) in paragraph at lines 4--5
\OT1/lmr/m/n/12 Uni-fied Par-al-lel C(UPC)[[]], Titanium[[]], X10[[]], Chapel[[
]] and Coar-ray Fortran(CAF)[[]]
 []

[1

]

LaTeX Warning: Citation `caf-spec' on page 2 undefined on input line 7.


LaTeX Warning: Citation `EachempatiCAF2010' on page 2 undefined on input line 9
.

[2]
LaTeX Font Info:    Try loading font information for OMS+lmr on input line 13.
 (/usr/local/texlive/2015/texmf-dist/tex/latex/lm/omslmr.fd
File: omslmr.fd 2009/10/30 v1.6 Font defs for Latin Modern
)
LaTeX Font Info:    Font shape `OMS/lmr/m/n' in size <12> not available
(Font)              Font shape `OMS/lmsy/m/n' tried instead on input line 13.


LaTeX Warning: Reference `chap:Background' on page 3 undefined on input line 19
.


LaTeX Warning: Reference `sec:survey' on page 3 undefined on input line 19.

[3]

LaTeX Warning: Reference `chap:Methods' on page 4 undefined on input line 21.


LaTeX Warning: Reference `sec:coarrays' on page 4 undefined on input line 21.


LaTeX Warning: Reference `chap:Algorithms' on page 4 undefined on input line 23
.

LaTeX Font Info:    Try loading font information for OT1+lmtt on input line 23.

(/usr/local/texlive/2015/texmf-dist/tex/latex/lm/ot1lmtt.fd
File: ot1lmtt.fd 2009/10/30 v1.6 Font defs for Latin Modern
)
Overfull \hbox (9.29257pt too wide) in paragraph at lines 23--24
[]\OT1/lmr/m/n/12 Chapter [] de-scribes in de-tail the de-sign of \OT1/lmr/m/it
/12 team \OT1/lmr/m/n/12 con-struct, in-clud-ing the \OT1/lmtt/m/n/12 team[]typ
e
 []


LaTeX Warning: Reference `chap:Results' on page 4 undefined on input line 25.


LaTeX Warning: Reference `chap:Conclusion' on page 4 undefined on input line 25
.

) (./chap2_Background.tex [4]
Chapter 2.
[5

]

LaTeX Warning: Citation `kasim2008survey' on page 6 undefined on input line 8.


LaTeX Warning: Citation `diaz2012survey' on page 6 undefined on input line 8.


Overfull \hbox (24.74088pt too wide) in paragraph at lines 8--9
[]\OT1/lmr/m/n/12 There are sev-eral lit-er-a-tures dis-tin-guish-ing ex-ist-in
g pop-u-lar pro-gram-ming models[[]][[]].
 []


Overfull \hbox (0.31442pt too wide) in paragraph at lines 11--12
[]\OT1/lmr/m/n/12 Shared Mem-ory Model. Mul-ti-ple threads ex-e-cute their own 
in-struc-tion streams,
 []

[6]

LaTeX Warning: Reference `fig:pgasmodel' on page 7 undefined on input line 17.


LaTeX Warning: Citation `parallelencyclopedia' on page 7 undefined on input lin
e 17.


LaTeX Warning: Citation `stitt2009introduction' on page 7 undefined on input li
ne 17.


LaTeX Warning: Citation `yelick2007productivity' on page 7 undefined on input l
ine 17.

Package epstopdf Info: Source file: <figures/PGASdemo.eps>
(epstopdf)                    date: 2016-03-17 12:07:09
(epstopdf)                    size: 68501 bytes
(epstopdf)             Output file: <figures/PGASdemo-eps-converted-to.pdf>
(epstopdf)                    date: 2016-03-17 15:13:30
(epstopdf)                    size: 43644 bytes
(epstopdf)             Command: <repstopdf --outfile=figures/PGASdemo-eps-conve
rted-to.pdf figures/PGASdemo.eps>
(epstopdf)             \includegraphics on input line 21.
Package epstopdf Info: Output file is already uptodate.
<figures/PGASdemo-eps-converted-to.pdf, id=56, 446.66875pt x 170.6375pt>
File: figures/PGASdemo-eps-converted-to.pdf Graphic file (type pdf)

<use figures/PGASdemo-eps-converted-to.pdf>
Package pdftex.def Info: figures/PGASdemo-eps-converted-to.pdf used on input li
ne 21.
(pdftex.def)             Requested size: 401.99815pt x 153.57231pt.
 [7 <./figures/PGASdemo-eps-converted-to.pdf>] [8]

LaTeX Warning: Citation `fortranlanguage' on page 9 undefined on input line 39.



Overfull \hbox (3.95917pt too wide) in paragraph at lines 41--42
\OT1/lmr/m/n/12 neer-ing, and tech-ni-cal ap-pli-ca-tions. And the the ISO com-
mit-tee ISO/IEC JTC1/SC22
 []

[9]

LaTeX Warning: Citation `loveman1993high' on page 10 undefined on input line 55
.


LaTeX Warning: Citation `bozkus1994compiling' on page 10 undefined on input lin
e 55.


LaTeX Warning: Citation `gupta1995hpf' on page 10 undefined on input line 55.


LaTeX Warning: Citation `Kennedy2011' on page 10 undefined on input line 55.

[10]

LaTeX Warning: Citation `numrich1998co' on page 11 undefined on input line 57.


LaTeX Warning: Reference `chap:Methods' on page 11 undefined on input line 57.


LaTeX Warning: Citation `barrett2006co' on page 11 undefined on input line 59.


LaTeX Warning: Citation `coarfa2003co' on page 11 undefined on input line 59.


LaTeX Warning: Citation `caf-spec' on page 11 undefined on input line 59.

[11]

LaTeX Warning: Citation `gropp1999using' on page 12 undefined on input line 65.



LaTeX Warning: Citation `hardwick1997practical' on page 12 undefined on input l
ine 67.


LaTeX Warning: Citation `hirschberg1978fast' on page 12 undefined on input line
 67.

[12]

LaTeX Warning: Citation `kamil2012hierarchical' on page 13 undefined on input l
ine 71.


LaTeX Warning: Citation `upc-teams' on page 13 undefined on input line 71.


LaTeX Warning: Citation `shmem-teams' on page 13 undefined on input line 71.


LaTeX Warning: Reference `chap:Methods' on page 13 undefined on input line 75.

[13]

LaTeX Warning: Citation `opencoarrays' on page 14 undefined on input line 78.


LaTeX Warning: Citation `dotsenko2004multi' on page 14 undefined on input line 
83.

[14]

LaTeX Warning: Citation `mellor2009new' on page 15 undefined on input line 85.

[15]) (./chap3_Infrastructure.tex [16]
Chapter 3.

LaTeX Warning: Citation `liao2007openuh' on page 17 undefined on input line 3.


LaTeX Warning: Citation `chapman2013experiences' on page 17 undefined on input 
line 3.


LaTeX Warning: Reference `fig:openuhcompiler' on page 17 undefined on input lin
e 3.

<figures/openuharchitecture.png, id=106, 560.3334pt x 415.3116pt>
File: figures/openuharchitecture.png Graphic file (type png)

<use figures/openuharchitecture.png>
Package pdftex.def Info: figures/openuharchitecture.png used on input line 7.
(pdftex.def)             Requested size: 336.20264pt x 249.18887pt.
 [17

] [18 <./figures/openuharchitecture.png>]

LaTeX Warning: Reference `chap:Background' on page 19 undefined on input line 1
7.

[19] [20]

LaTeX Warning: Reference `fig:coarraydemo' on page 21 undefined on input line 2
7.

[21]

LaTeX Warning: Reference `sec:caf2.0' on page 22 undefined on input line 36.


LaTeX Warning: Citation `caf-spec' on page 22 undefined on input line 36.


LaTeX Warning: Reference `sec:caf2.0' on page 22 undefined on input line 36.

[22]

LaTeX Warning: Citation `bonachea2002gasnet' on page 23 undefined on input line
 47.


LaTeX Warning: Citation `bonachea2002gasnetspec' on page 23 undefined on input 
line 47.

[23] [24]) (./chap4_Implementation.tex [25]
Chapter 4.

LaTeX Warning: Citation `EachempatiCoarray2013' on page 26 undefined on input l
ine 5.


LaTeX Warning: Citation `EachempatiCAF2010' on page 26 undefined on input line 
5.


LaTeX Warning: Reference `fig:teams-openuh' on page 26 undefined on input line 
5.

Package epstopdf Info: Source file: <figures/uh-coarrays-implementation-stack.e
ps>
(epstopdf)                    date: 2015-07-12 15:47:29
(epstopdf)                    size: 267716 bytes
(epstopdf)             Output file: <figures/uh-coarrays-implementation-stack-e
ps-converted-to.pdf>
(epstopdf)                    date: 2016-03-27 13:21:08
(epstopdf)                    size: 39171 bytes
(epstopdf)             Command: <repstopdf --outfile=figures/uh-coarrays-implem
entation-stack-eps-converted-to.pdf figures/uh-coarrays-implementation-stack.ep
s>
(epstopdf)             \includegraphics on input line 9.
Package epstopdf Info: Output file is already uptodate.

<figures/uh-coarrays-implementation-stack-eps-converted-to.pdf, id=137, 553.066
25pt x 453.695pt>
File: figures/uh-coarrays-implementation-stack-eps-converted-to.pdf Graphic fil
e (type pdf)

<use figures/uh-coarrays-implementation-stack-eps-converted-to.pdf>
Package pdftex.def Info: figures/uh-coarrays-implementation-stack-eps-converted
-to.pdf used on input line 9.
(pdftex.def)             Requested size: 361.3454pt x 289.08308pt.


LaTeX Warning: `!h' float specifier changed to `!ht'.


Overfull \hbox (29.3309pt too wide) in paragraph at lines 19--32
\OT1/lmr/m/n/12 in-trin-sics. We also ex-tended the CAF in-trin-sics \OT1/lmtt/
m/n/12 this[]image\OT1/lmr/m/n/12 , \OT1/lmtt/m/n/12 num[]images\OT1/lmr/m/n/12
 , and \OT1/lmtt/m/n/12 image[]index
 []

[26

] [27 <./figures/uh-coarrays-implementation-stack-eps-converted-to.pdf>]

LaTeX Warning: Reference `team-ds' on page 28 undefined on input line 51.


LaTeX Warning: Reference `sec:collectives' on page 28 undefined on input line 5
7.


LaTeX Warning: Float too large for page by 37.66705pt on input line 93.


LaTeX Warning: `!h' float specifier changed to `!ht'.

<figures/memory_step1_nt.pdf, id=159, 665.48625pt x 413.545pt>
File: figures/memory_step1_nt.pdf Graphic file (type pdf)

<use figures/memory_step1_nt.pdf>
Package pdftex.def Info: figures/memory_step1_nt.pdf used on input line 101.
(pdftex.def)             Requested size: 236.50476pt x 146.9641pt.

<figures/memory_step2_nt.pdf, id=160, 665.48625pt x 413.545pt>
File: figures/memory_step2_nt.pdf Graphic file (type pdf)

<use figures/memory_step2_nt.pdf>
Package pdftex.def Info: figures/memory_step2_nt.pdf used on input line 107.
(pdftex.def)             Requested size: 236.50476pt x 146.9641pt.

<figures/memory_step3_nt.pdf, id=161, 665.48625pt x 413.545pt>
File: figures/memory_step3_nt.pdf Graphic file (type pdf)

<use figures/memory_step3_nt.pdf>
Package pdftex.def Info: figures/memory_step3_nt.pdf used on input line 113.
(pdftex.def)             Requested size: 236.50476pt x 146.9641pt.

<figures/memory_step4_nt.pdf, id=162, 665.48625pt x 413.545pt>
File: figures/memory_step4_nt.pdf Graphic file (type pdf)

<use figures/memory_step4_nt.pdf>
Package pdftex.def Info: figures/memory_step4_nt.pdf used on input line 119.
(pdftex.def)             Requested size: 236.50476pt x 146.9641pt.


LaTeX Warning: Float too large for page by 177.59607pt on input line 126.


LaTeX Warning: `!h' float specifier changed to `!ht'.

[28]

LaTeX Warning: Citation `dlmalloc' on page 29 undefined on input line 154.

[29] (/usr/local/texlive/2015/texmf-dist/tex/latex/listings/lstlang1.sty
File: lstlang1.sty 2014/09/06 1.5e listings language file
)
(/usr/local/texlive/2015/texmf-dist/tex/latex/listings/lstlang1.sty
File: lstlang1.sty 2014/09/06 1.5e listings language file
)
LaTeX Font Info:    Font shape `OT1/lmtt/bx/n' in size <10.95> not available
(Font)              Font shape `OT1/lmtt/b/n' tried instead on input line 173.

Overfull \hbox (62.55115pt too wide) in paragraph at lines 175--176
[][][][][][][][][][][][] 
 []


Overfull \hbox (62.55115pt too wide) in paragraph at lines 176--177
[][][][][][][] 
 []


Overfull \hbox (41.85547pt too wide) in paragraph at lines 177--179
[][][][][] 
 []


Overfull \hbox (41.85547pt too wide) in paragraph at lines 185--186
[][][][][][][][][][][][][][][] 
 []


Overfull \hbox (34.95691pt too wide) in paragraph at lines 186--187
[][][][][][][][][][][][] 
 []


LaTeX Warning: Reference `fig:memory-steps' on page 30 undefined on input line 
202.


LaTeX Warning: Reference `fig:demo-code' on page 30 undefined on input line 203
.

[30] [31]

LaTeX Warning: Reference `fig:demo-form-team' on page 32 undefined on input lin
e 238.


LaTeX Warning: Reference `team-ds' on page 32 undefined on input line 250.


LaTeX Warning: Reference `team-ds' on page 32 undefined on input line 256.

[32]

LaTeX Warning: Reference `team-ds' on page 33 undefined on input line 267.

(/usr/local/texlive/2015/texmf-dist/tex/latex/listings/lstlang1.sty
File: lstlang1.sty 2014/09/06 1.5e listings language file
)
(/usr/local/texlive/2015/texmf-dist/tex/latex/listings/lstmisc.sty
File: lstmisc.sty 2014/09/06 1.5e (Carsten Heinz)
)
Overfull \hbox (228.91597pt too wide) in paragraph at lines 278--279
[][][][][][][][][][][][][][][][][][][] 
 []


Overfull \hbox (139.2347pt too wide) in paragraph at lines 279--280
[][][][][][][][][][][] 
 []


Overfull \hbox (21.95918pt too wide) in paragraph at lines 280--281
[][][][][][][][][][] 
 []


Overfull \hbox (187.52461pt too wide) in paragraph at lines 281--282
[][][][][][][][][][][] 
 []


Overfull \hbox (222.01741pt too wide) in paragraph at lines 282--283
[][][][][][][][][][][][][][] 
 []


Overfull \hbox (325.4958pt too wide) in paragraph at lines 283--284
[][][][][][][][][][][][][] 
 []


Overfull \hbox (249.61165pt too wide) in paragraph at lines 284--285
[][][][][][][][][][][][][][] 
 []


Overfull \hbox (263.40877pt too wide) in paragraph at lines 285--286
[][][][][][][][][][] 
 []


Overfull \hbox (180.62605pt too wide) in paragraph at lines 288--289
[][][][][][][][][][][][] 
 []


Overfull \hbox (201.32173pt too wide) in paragraph at lines 289--290
[][][][][][][][][] 
 []


Overfull \hbox (194.42317pt too wide) in paragraph at lines 290--291
[][][][][][][][][][] 
 []


Overfull \hbox (297.90157pt too wide) in paragraph at lines 291--292
[][][][][][][][][][][][][][][][][][][] 
 []


Overfull \hbox (132.33614pt too wide) in paragraph at lines 294--295
[][][][][][][][][][][] 
 []


Overfull \hbox (146.13326pt too wide) in paragraph at lines 295--296
[][][][][][][][][] 
 []


Overfull \hbox (56.45198pt too wide) in paragraph at lines 296--297
[][][][][][][][][] 
 []


Overfull \hbox (159.93037pt too wide) in paragraph at lines 297--298
[][][][][][][][][][][][][][][][][][] 
 []


Overfull \hbox (222.01741pt too wide) in paragraph at lines 298--299
[][][][][][][][][][][][][][][][][][] 
 []


Overfull \hbox (215.11885pt too wide) in paragraph at lines 300--301
[][][][][][][][][][][] 
 []


Overfull \hbox (270.30733pt too wide) in paragraph at lines 301--302
[][][][][][][][][][][] 
 []


Overfull \hbox (173.7275pt too wide) in paragraph at lines 302--303
[][][][][][][][][][][][][] 
 []


Overfull \hbox (180.62605pt too wide) in paragraph at lines 303--304
[][][][][][][][][][][][][][][][][][] 
 []

[33]
Overfull \vbox (92.72897pt too high) has occurred while \output is active []


[34]

LaTeX Warning: Citation `bruck1997efficient' on page 35 undefined on input line
 345.


LaTeX Warning: Citation `thakur2005optimization' on page 35 undefined on input 
line 351.

[35]

LaTeX Warning: Reference `fig:demo-form-team' on page 36 undefined on input lin
e 358.

[36] [37] [38]

LaTeX Warning: Citation `cafteams-cluster' on page 39 undefined on input line 4
35.

[39]

LaTeX Warning: Reference `fig:teams-structure' on page 40 undefined on input li
ne 452.

Package epstopdf Info: Source file: <figures/team_structure.eps>
(epstopdf)                    date: 2016-03-28 23:57:06
(epstopdf)                    size: 86620 bytes
(epstopdf)             Output file: <figures/team_structure-eps-converted-to.pd
f>
(epstopdf)                    date: 2016-04-03 20:38:47
(epstopdf)                    size: 58554 bytes
(epstopdf)             Command: <repstopdf --outfile=figures/team_structure-eps
-converted-to.pdf figures/team_structure.eps>
(epstopdf)             \includegraphics on input line 458.
Package epstopdf Info: Output file is already uptodate.

<figures/team_structure-eps-converted-to.pdf, id=206, 367.3725pt x 564.1075pt>
File: figures/team_structure-eps-converted-to.pdf Graphic file (type pdf)

<use figures/team_structure-eps-converted-to.pdf>
Package pdftex.def Info: figures/team_structure-eps-converted-to.pdf used on in
put line 458.
(pdftex.def)             Requested size: 213.07619pt x 327.18257pt.
 [40]

LaTeX Warning: Reference `fig:am-imgidx' on page 41 undefined on input line 465
.


LaTeX Warning: Reference `fig:demo-imgidx' on page 41 undefined on input line 4
65.


Overfull \hbox (228.91597pt too wide) in paragraph at lines 472--473
[][][][][][][][][][][][][][][][][][][] 
 []


Overfull \hbox (15.06062pt too wide) in paragraph at lines 473--474
[][][][][][][][][] 
 []


Overfull \hbox (21.95918pt too wide) in paragraph at lines 474--475
[][][][][][][][][][] 
 []


Overfull \hbox (249.61165pt too wide) in paragraph at lines 475--476
[][][][][][][][][][][][][][][][][][][][] 
 []


Overfull \hbox (194.42317pt too wide) in paragraph at lines 477--478
[][][][][][][][][][][][] 
 []


Overfull \hbox (291.003pt too wide) in paragraph at lines 478--479
[][][][][][][][][][][] 
 []


Overfull \hbox (277.20589pt too wide) in paragraph at lines 479--480
[][][][][] 
 []


Overfull \hbox (104.7419pt too wide) in paragraph at lines 480--481
[][][][] 
 []


Overfull \hbox (1.2635pt too wide) in paragraph at lines 481--482
[][][][][][] 
 []


Overfull \hbox (291.003pt too wide) in paragraph at lines 482--483
[][][][][][][][][][][] 
 []


Overfull \hbox (277.20589pt too wide) in paragraph at lines 483--484
[][][][][] 
 []


Overfull \hbox (104.7419pt too wide) in paragraph at lines 484--485
[][][][] 
 []


Overfull \hbox (97.84334pt too wide) in paragraph at lines 486--487
[][][][][] 
 []

[41 <./figures/team_structure-eps-converted-to.pdf>]

LaTeX Warning: `h' float specifier changed to `ht'.

Package epstopdf Info: Source file: <figures/amdemo.eps>
(epstopdf)                    date: 2016-04-03 22:23:24
(epstopdf)                    size: 35063 bytes
(epstopdf)             Output file: <figures/amdemo-eps-converted-to.pdf>
(epstopdf)                    date: 2016-04-03 22:27:18
(epstopdf)                    size: 13132 bytes
(epstopdf)             Command: <repstopdf --outfile=figures/amdemo-eps-convert
ed-to.pdf figures/amdemo.eps>
(epstopdf)             \includegraphics on input line 499.
Package epstopdf Info: Output file is already uptodate.
<figures/amdemo-eps-converted-to.pdf, id=227, 561.09625pt x 195.73125pt>
File: figures/amdemo-eps-converted-to.pdf Graphic file (type pdf)

<use figures/amdemo-eps-converted-to.pdf>
Package pdftex.def Info: figures/amdemo-eps-converted-to.pdf used on input line
 499.
(pdftex.def)             Requested size: 325.43605pt x 113.52419pt.
) (./chap5_Results.tex [42 <./figures/amdemo-eps-converted-to.pdf>] [43] [44 <.
/figures/memory_step1_nt.pdf> <./figures/memory_step2_nt.pdf> <./figures/memory
_step3_nt.pdf> <./figures/memory_step4_nt.pdf>] [45]
Chapter 5.
<figures/form-team.png, id=380, 602.25pt x 372.39125pt>
File: figures/form-team.png Graphic file (type png)

<use figures/form-team.png>
Package pdftex.def Info: figures/form-team.png used on input line 20.
(pdftex.def)             Requested size: 430.00627pt x 265.89973pt.
 [46

]

LaTeX Warning: Reference `fig:stampede-team-barrier' on page 47 undefined on in
put line 26.

[47 <./figures/form-team.png>]
Package epstopdf Info: Source file: <figures/stampede-team-barrier-4096.eps>
(epstopdf)                    date: 2015-07-12 15:59:24
(epstopdf)                    size: 181852 bytes
(epstopdf)             Output file: <figures/stampede-team-barrier-4096-eps-con
verted-to.pdf>
(epstopdf)                    date: 2016-03-27 13:54:12
(epstopdf)                    size: 24929 bytes
(epstopdf)             Command: <repstopdf --outfile=figures/stampede-team-barr
ier-4096-eps-converted-to.pdf figures/stampede-team-barrier-4096.eps>
(epstopdf)             \includegraphics on input line 38.
Package epstopdf Info: Output file is already uptodate.

<figures/stampede-team-barrier-4096-eps-converted-to.pdf, id=389, 655.44875pt x
 292.09125pt>
File: figures/stampede-team-barrier-4096-eps-converted-to.pdf Graphic file (typ
e pdf)
 <use figures/stampede-team-barrier-4096-eps-converted-to.pdf>
Package pdftex.def Info: figures/stampede-team-barrier-4096-eps-converted-to.pd
f used on input line 38.
(pdftex.def)             Requested size: 430.00627pt x 191.62645pt.

[48 <./figures/stampede-team-barrier-4096-eps-converted-to.pdf>]
Package epstopdf Info: Source file: <figures/team-barrier-stampede-1024.eps>
(epstopdf)                    date: 2015-09-02 19:01:37
(epstopdf)                    size: 174411 bytes
(epstopdf)             Output file: <figures/team-barrier-stampede-1024-eps-con
verted-to.pdf>
(epstopdf)                    date: 2016-03-27 13:54:13
(epstopdf)                    size: 22986 bytes
(epstopdf)             Command: <repstopdf --outfile=figures/team-barrier-stamp
ede-1024-eps-converted-to.pdf figures/team-barrier-stampede-1024.eps>
(epstopdf)             \includegraphics on input line 59.
Package epstopdf Info: Output file is already uptodate.

<figures/team-barrier-stampede-1024-eps-converted-to.pdf, id=403, 483.8075pt x 
233.87375pt>
File: figures/team-barrier-stampede-1024-eps-converted-to.pdf Graphic file (typ
e pdf)
 <use figures/team-barrier-stampede-1024-eps-converted-to.pdf>
Package pdftex.def Info: figures/team-barrier-stampede-1024-eps-converted-to.pd
f used on input line 59.
(pdftex.def)             Requested size: 430.00627pt x 207.87575pt.


LaTeX Warning: Reference `fig:stampede-teambar-caf2' on page 49 undefined on in
put line 67.

[49 <./figures/team-barrier-stampede-1024-eps-converted-to.pdf>]

LaTeX Warning: Reference `fig:reduction' on page 50 undefined on input line 80.



LaTeX Warning: Citation `doubling' on page 50 undefined on input line 82.

<figures/reduction-1ipn-team.png, id=417, 602.25pt x 372.39125pt>
File: figures/reduction-1ipn-team.png Graphic file (type png)

<use figures/reduction-1ipn-team.png>
Package pdftex.def Info: figures/reduction-1ipn-team.png used on input line 86.

(pdftex.def)             Requested size: 252.94327pt x 144.54445pt.

<figures/reduction-8ipn-team.png, id=418, 602.25pt x 372.39125pt>
File: figures/reduction-8ipn-team.png Graphic file (type png)

<use figures/reduction-8ipn-team.png>
Package pdftex.def Info: figures/reduction-8ipn-team.png used on input line 92.

(pdftex.def)             Requested size: 252.94327pt x 144.54445pt.


LaTeX Warning: `!h' float specifier changed to `!ht'.


LaTeX Warning: Citation `canary' on page 50 undefined on input line 106.


Underfull \hbox (badness 10000) in paragraph at lines 101--113

 []

[50]
Package epstopdf Info: Source file: <figures/stampede-caf-cg-D.eps>
(epstopdf)                    date: 2015-09-02 20:30:20
(epstopdf)                    size: 181659 bytes
(epstopdf)             Output file: <figures/stampede-caf-cg-D-eps-converted-to
.pdf>
(epstopdf)                    date: 2016-03-27 13:54:13
(epstopdf)                    size: 24561 bytes
(epstopdf)             Command: <repstopdf --outfile=figures/stampede-caf-cg-D-
eps-converted-to.pdf figures/stampede-caf-cg-D.eps>
(epstopdf)             \includegraphics on input line 118.
Package epstopdf Info: Output file is already uptodate.

<figures/stampede-caf-cg-D-eps-converted-to.pdf, id=422, 443.6575pt x 226.8475p
t>
File: figures/stampede-caf-cg-D-eps-converted-to.pdf Graphic file (type pdf)
 <use figures/stampede-caf-cg-D-eps-converted-to.pdf>
Package pdftex.def Info: figures/stampede-caf-cg-D-eps-converted-to.pdf used on
 input line 118.
(pdftex.def)             Requested size: 430.00627pt x 219.86526pt.


LaTeX Warning: `h' float specifier changed to `ht'.


LaTeX Warning: Citation `caf-testsuite' on page 51 undefined on input line 125.


[51 <./figures/reduction-1ipn-team.png> <./figures/reduction-8ipn-team.png>]

LaTeX Warning: Reference `fig:cg-stampede' on page 52 undefined on input line 1
36.


LaTeX Warning: Reference `sec:collectives' on page 52 undefined on input line 1
43.

[52 <./figures/stampede-caf-cg-D-eps-converted-to.pdf>])
(./chap6_Conclusion.tex [53]
Chapter 6.
[54

]

LaTeX Warning: Citation `upc-teams' on page 55 undefined on input line 13.

) (./thesis_template_01.bbl [55] [56

]
Underfull \hbox (badness 2080) in paragraph at lines 71--74
[]\OT1/lmr/m/n/12 F. S. Com-mit-tee.  TS 18508 Ad-di-tional Par-al-lel Fea-ture
s in For-tran
 []

[57] [58]) [59] (./thesis_template_01.aux)

LaTeX Warning: There were undefined references.


LaTeX Warning: Label(s) may have changed. Rerun to get cross-references right.

 ) 
Here is how much of TeX's memory you used:
 5094 strings out of 493089
 80322 string characters out of 6134842
 173865 words of memory out of 5000000
 8432 multiletter control sequences out of 15000+600000
 46987 words of font info for 39 fonts, out of 8000000 for 9000
 1141 hyphenation exceptions out of 8191
 42i,12n,49p,1306b,1468s stack positions out of 5000i,500n,10000p,200000b,80000s
{/usr/local/texlive/2015/texmf-dist/fonts/enc/dvips/lm/lm-rm.enc}{/usr/local/
texlive/2015/texmf-dist/fonts/enc/dvips/lm/lm-mathit.enc}{/usr/local/texlive/20
15/texmf-dist/fonts/enc/dvips/lm/lm-rmtt.enc}{/usr/local/texlive/2015/texmf-dis
t/fonts/enc/dvips/lm/lm-mathsy.enc}</usr/local/texlive/2015/texmf-dist/fonts/ty
pe1/public/lm/lmbx12.pfb></usr/local/texlive/2015/texmf-dist/fonts/type1/public
/lm/lmmi12.pfb></usr/local/texlive/2015/texmf-dist/fonts/type1/public/lm/lmr10.
pfb></usr/local/texlive/2015/texmf-dist/fonts/type1/public/lm/lmr12.pfb></usr/l
ocal/texlive/2015/texmf-dist/fonts/type1/public/lm/lmr17.pfb></usr/local/texliv
e/2015/texmf-dist/fonts/type1/public/lm/lmri12.pfb></usr/local/texlive/2015/tex
mf-dist/fonts/type1/public/lm/lmsy10.pfb></usr/local/texlive/2015/texmf-dist/fo
nts/type1/public/lm/lmtk10.pfb></usr/local/texlive/2015/texmf-dist/fonts/type1/
public/lm/lmtt10.pfb></usr/local/texlive/2015/texmf-dist/fonts/type1/public/lm/
lmtt12.pfb></usr/local/texlive/2015/texmf-dist/fonts/type1/public/lm/lmtti10.pf
b>
Output written on thesis_template_01.pdf (68 pages, 984274 bytes).
PDF statistics:
 507 PDF objects out of 1000 (max. 8388607)
 330 compressed objects within 4 object streams
 0 named destinations out of 1000 (max. 500000)
 76 words of extra memory for PDF output out of 10000 (max. 10000000)

